<?xml version="1.0" encoding="UTF-8"?>
<!-- Generated by org.testng.reporters.JUnitReportReporter -->
<testsuite skipped="0" hostname="DESKTOP-O7OOB5S" name="workspace.AmazonDemo" tests="4" failures="0" timestamp="2021-01-22T22:16:40 IST" time="101.765" errors="0">
  <testcase name="validateLogin" time="26.631" classname="workspace.AmazonDemo"/>
  <system-out/>
  <testcase name="validateLogout" time="27.574" classname="workspace.AmazonDemo"/>
  <system-out/>
  <testcase name="validateSearch" time="19.157" classname="workspace.AmazonDemo"/>
  <system-out/>
  <testcase name="validateAddToCart" time="28.403" classname="workspace.AmazonDemo"/>
  <system-out/>
</testsuite> <!-- workspace.AmazonDemo -->
